<?xml version="1.0" encoding="UTF-8"?>
<testsuite name="wat.inz.kolektorlogow.meta.FirestoreDeviceTest" tests="2" skipped="0" failures="0" errors="0" timestamp="2025-01-21T20:12:22" hostname="DESKTOP-D1FBJOV" time="0.005">
  <properties/>
  <testcase name="getIdentifier" classname="wat.inz.kolektorlogow.meta.FirestoreDeviceTest" time="0.004"/>
  <testcase name="getName" classname="wat.inz.kolektorlogow.meta.FirestoreDeviceTest" time="0.0"/>
  <system-out><![CDATA[]]></system-out>
  <system-err><![CDATA[]]></system-err>
</testsuite>
